d:\prj_temp\seggereval_win32_msvc_mingw_gui_v542\output\debug\vc140.pdb
d:\prj_temp\seggereval_win32_msvc_mingw_gui_v542\output\debug\vc140.idb
d:\prj_temp\seggereval_win32_msvc_mingw_gui_v542\output\debug\simconf.obj
d:\prj_temp\seggereval_win32_msvc_mingw_gui_v542\output\debug\guiconf.obj
d:\prj_temp\seggereval_win32_msvc_mingw_gui_v542\output\debug\winmain_standby.obj
d:\prj_temp\seggereval_win32_msvc_mingw_gui_v542\output\debug\winmain_buttonopenpot.obj
d:\prj_temp\seggereval_win32_msvc_mingw_gui_v542\output\debug\winmain_buttonintpot.obj
d:\prj_temp\seggereval_win32_msvc_mingw_gui_v542\output\debug\winmain_buttonfun.obj
d:\prj_temp\seggereval_win32_msvc_mingw_gui_v542\output\debug\winmain_buttonclosepot.obj
d:\prj_temp\seggereval_win32_msvc_mingw_gui_v542\output\debug\lcdconf.obj
d:\prj_temp\seggereval_win32_msvc_mingw_gui_v542\output\debug\bmp_buttonswitch.obj
d:\prj_temp\seggereval_win32_msvc_mingw_gui_v542\output\debug\appchild_a.obj
d:\prj_temp\seggereval_win32_msvc_mingw_gui_v542\output\debug\winmain.obj
d:\prj_temp\seggereval_win32_msvc_mingw_gui_v542\output\debug\usr_application.obj
d:\prj_temp\seggereval_win32_msvc_mingw_gui_v542\exe\guisimulationdebug.ilk
d:\prj_temp\seggereval_win32_msvc_mingw_gui_v542\exe\guisimulationdebug.exe
d:\prj_temp\seggereval_win32_msvc_mingw_gui_v542\output\debug\simulationtrial.pdb
d:\prj_temp\seggereval_win32_msvc_mingw_gui_v542\output\debug\simulationtrial.tlog\cl.command.1.tlog
d:\prj_temp\seggereval_win32_msvc_mingw_gui_v542\output\debug\simulationtrial.tlog\cl.read.1.tlog
d:\prj_temp\seggereval_win32_msvc_mingw_gui_v542\output\debug\simulationtrial.tlog\cl.write.1.tlog
d:\prj_temp\seggereval_win32_msvc_mingw_gui_v542\output\debug\simulationtrial.tlog\link.command.1.tlog
d:\prj_temp\seggereval_win32_msvc_mingw_gui_v542\output\debug\simulationtrial.tlog\link.read.1.tlog
d:\prj_temp\seggereval_win32_msvc_mingw_gui_v542\output\debug\simulationtrial.tlog\link.write.1.tlog
